2025-02-01 17:26:35 INFO: Submit button pressed.
2025-02-01 17:26:35 INFO: Mode selected: fixes
2025-02-01 17:26:35 INFO: Starting scrape_fix_pages for URL: https://github.com/vercel/nft/pull/455
2025-02-01 17:26:35 DEBUG: Starting new HTTPS connection (1): github.com:443
2025-02-01 17:26:36 DEBUG: https://github.com:443 "GET /vercel/nft/pull/455 HTTP/1.1" 200 None
2025-02-01 17:26:36 INFO: Received response with status code: 200
2025-02-01 17:26:36 DEBUG: HTML snippet for fix page: 






<!DOCTYPE html>
<html
  lang="en"
  
  data-color-mode="auto" data-light-theme="light" data-dark-theme="dark"
  data-a11y-animated-images="system" data-a11y-link-underlines="true"
  
  >



  <head>
    <meta charset="utf-8">
  <link rel="dns-prefetch" href="https://github.githubassets.com">
...
2025-02-01 17:26:36 INFO: Found 0 fix rows
2025-02-01 17:26:36 INFO: Finished scraping fixes. Total fixes: 0
2025-02-01 17:26:36 INFO: Results successfully written to /Users/mitchmcquoid/Desktop/fixes444.json
2025-02-01 17:35:16 INFO: Submit button pressed.
2025-02-01 17:35:16 INFO: Mode selected: fixes
2025-02-01 17:35:16 INFO: Starting scrape_fix_pages for URL: https://github.com/vercel/nft/pull/455
2025-02-01 17:35:16 DEBUG: Starting new HTTPS connection (1): github.com:443
2025-02-01 17:35:17 DEBUG: https://github.com:443 "GET /vercel/nft/pull/455 HTTP/1.1" 200 None
2025-02-01 17:35:17 INFO: Received response with status code: 200
2025-02-01 17:35:17 INFO: Found 16 conversation items
2025-02-01 17:35:17 DEBUG: Skipping an item due to missing content.
2025-02-01 17:35:17 DEBUG: Skipping an item due to missing content.
2025-02-01 17:35:17 DEBUG: Skipping an item due to missing content.
2025-02-01 17:35:17 DEBUG: Skipping an item due to missing content.
2025-02-01 17:35:17 DEBUG: Skipping an item due to missing content.
2025-02-01 17:35:17 DEBUG: Skipping an item due to missing content.
2025-02-01 17:35:17 DEBUG: Skipping an item due to missing content.
2025-02-01 17:35:17 DEBUG: Skipping an item due to missing content.
2025-02-01 17:35:17 INFO: Finished scraping fixes. Total responses: 8
2025-02-01 17:35:17 INFO: Results successfully written to /Users/mitchmcquoid/Desktop/fix2222.json
2025-02-01 18:01:32 INFO: Submit button pressed.
2025-02-01 18:01:32 INFO: Mode selected: fixes
2025-02-01 18:01:32 INFO: Starting scrape_fix_pages for URL: https://github.com/vercel/nft/issues
2025-02-01 18:01:32 DEBUG: Starting new HTTPS connection (1): github.com:443
2025-02-01 18:01:33 DEBUG: https://github.com:443 "GET /vercel/nft/issues HTTP/1.1" 200 None
2025-02-01 18:01:33 INFO: Received response with status code: 200
2025-02-01 18:01:33 INFO: Found 0 conversation items
2025-02-01 18:01:33 INFO: Finished scraping fixes. Total responses: 0
2025-02-01 18:01:33 INFO: Results successfully written to /Users/mitchmcquoid/Desktop/fixes.json
2025-02-01 18:01:56 INFO: Submit button pressed.
2025-02-01 18:01:56 INFO: Mode selected: fixes
2025-02-01 18:01:56 INFO: Starting scrape_fix_pages for URL: https://github.com/vercel/nft/pull/455
2025-02-01 18:01:56 DEBUG: Starting new HTTPS connection (1): github.com:443
2025-02-01 18:01:57 DEBUG: https://github.com:443 "GET /vercel/nft/pull/455 HTTP/1.1" 200 None
2025-02-01 18:01:57 INFO: Received response with status code: 200
2025-02-01 18:01:57 INFO: Found 16 conversation items
2025-02-01 18:01:57 DEBUG: Skipping a fix item due to missing content.
2025-02-01 18:01:57 DEBUG: Skipping a fix item due to missing content.
2025-02-01 18:01:57 DEBUG: Skipping a fix item due to missing content.
2025-02-01 18:01:57 DEBUG: Skipping a fix item due to missing content.
2025-02-01 18:01:57 DEBUG: Skipping a fix item due to missing content.
2025-02-01 18:01:57 DEBUG: Skipping a fix item due to missing content.
2025-02-01 18:01:57 DEBUG: Skipping a fix item due to missing content.
2025-02-01 18:01:57 DEBUG: Skipping a fix item due to missing content.
2025-02-01 18:01:57 INFO: Finished scraping fixes. Total responses: 8
2025-02-01 18:01:57 INFO: Results successfully written to /Users/mitchmcquoid/Desktop/fixes999.json
2025-02-01 18:05:36 INFO: Submit button pressed.
2025-02-01 18:05:36 INFO: Mode selected: fixes
2025-02-01 18:05:36 INFO: Starting scrape_fix_pages for URL: https://github.com/vercel/nft/pull/455
2025-02-01 18:05:36 DEBUG: Starting new HTTPS connection (1): github.com:443
2025-02-01 18:05:37 DEBUG: https://github.com:443 "GET /vercel/nft/pull/455 HTTP/1.1" 200 None
2025-02-01 18:05:37 INFO: Received response with status code: 200
2025-02-01 18:05:37 INFO: Found 16 conversation items
2025-02-01 18:05:37 DEBUG: Skipping a fix item due to missing content.
2025-02-01 18:05:37 DEBUG: Skipping a fix item due to missing content.
2025-02-01 18:05:37 DEBUG: Skipping a fix item due to missing content.
2025-02-01 18:05:37 DEBUG: Skipping a fix item due to missing content.
2025-02-01 18:05:37 DEBUG: Skipping a fix item due to missing content.
2025-02-01 18:05:37 DEBUG: Skipping a fix item due to missing content.
2025-02-01 18:05:37 DEBUG: Skipping a fix item due to missing content.
2025-02-01 18:05:37 DEBUG: Skipping a fix item due to missing content.
2025-02-01 18:05:37 INFO: Duplicate item skipped: {'id': 'e8644d62-3114-479b-a35e-1d4d048271a8', 'type': 'comment', 'author': 'benmccann', 'timestamp': '2024-12-09T22:48:48Z', 'content': 'This removes 5 dependencies from the dependency tree'}
2025-02-01 18:05:37 INFO: Duplicate item skipped: {'id': '768bae17-0954-406b-9cd3-5e019dcb98f6', 'type': 'comment', 'author': 'benmccann', 'timestamp': '2024-12-09T22:48:48Z', 'content': 'This removes 5 dependencies from the dependency tree'}
2025-02-01 18:05:37 INFO: Duplicate item skipped: {'id': '559694fe-1185-4ea6-ba67-52af1cc8253b', 'type': 'comment', 'author': 'socket-security', 'timestamp': '2024-12-09T22:56:28Z', 'content': 'New and removed dependencies detected.Learn more aboutSocket for GitHub ↗︎PackageNew capabilitiesTransitivesSizePublishernpm/@types/picomatch@3.0.1None018.1 kBtypes🚮 Removed packages:npm/@types/micromatch@4.0.6View full report↗︎'}
2025-02-01 18:05:37 INFO: Duplicate item skipped: {'id': '292da71c-ea21-481f-9d93-2338f60cc473', 'type': 'comment', 'author': 'socket-security', 'timestamp': '2024-12-09T22:56:28Z', 'content': 'New and removed dependencies detected.Learn more aboutSocket for GitHub ↗︎PackageNew capabilitiesTransitivesSizePublishernpm/@types/picomatch@3.0.1None018.1 kBtypes🚮 Removed packages:npm/@types/micromatch@4.0.6View full report↗︎'}
2025-02-01 18:05:37 INFO: Finished scraping fixes. Total unique responses: 4
2025-02-01 18:05:37 INFO: Results successfully written to /Users/mitchmcquoid/Desktop/fixes.json
2025-02-01 18:09:54 INFO: Submit button pressed.
2025-02-01 18:09:54 INFO: Mode selected: fixes
2025-02-01 18:09:54 INFO: Starting scrape_fix_pages for URL: https://github.com/vercel/nft/pull/455
2025-02-01 18:09:54 DEBUG: Starting new HTTPS connection (1): github.com:443
2025-02-01 18:09:54 DEBUG: https://github.com:443 "GET /vercel/nft/pull/455 HTTP/1.1" 200 None
2025-02-01 18:09:55 INFO: Received response with status code: 200
2025-02-01 18:09:55 INFO: Found 16 conversation items
2025-02-01 18:09:55 DEBUG: Skipping a fix item due to missing content.
2025-02-01 18:09:55 DEBUG: Skipping a fix item due to missing content.
2025-02-01 18:09:55 DEBUG: Skipping a fix item due to missing content.
2025-02-01 18:09:55 DEBUG: Skipping a fix item due to missing content.
2025-02-01 18:09:55 DEBUG: Skipping a fix item due to missing content.
2025-02-01 18:09:55 DEBUG: Skipping a fix item due to missing content.
2025-02-01 18:09:55 DEBUG: Skipping a fix item due to missing content.
2025-02-01 18:09:55 DEBUG: Skipping a fix item due to missing content.
2025-02-01 18:09:55 INFO: Duplicate item skipped: {'id': 'ebfb88b5-3bf2-4362-89d5-3f5841c5c9c5', 'type': 'comment', 'author': 'benmccann', 'timestamp': '2024-12-09T22:48:48Z', 'content': 'This removes 5 dependencies from the dependency tree'}
2025-02-01 18:09:55 INFO: Duplicate item skipped: {'id': '55472a6d-cb5e-43b0-af86-1618b78f93a2', 'type': 'comment', 'author': 'benmccann', 'timestamp': '2024-12-09T22:48:48Z', 'content': 'This removes 5 dependencies from the dependency tree'}
2025-02-01 18:09:55 INFO: Duplicate item skipped: {'id': 'ccbffa3c-0b26-4c3a-aea7-af7e5244e059', 'type': 'comment', 'author': 'socket-security', 'timestamp': '2024-12-09T22:56:28Z', 'content': 'New and removed dependencies detected.Learn more aboutSocket for GitHub ↗︎PackageNew capabilitiesTransitivesSizePublishernpm/@types/picomatch@3.0.1None018.1 kBtypes🚮 Removed packages:npm/@types/micromatch@4.0.6View full report↗︎'}
2025-02-01 18:09:55 INFO: Duplicate item skipped: {'id': 'b90abd5b-f152-43ed-807d-ec0f30613fe5', 'type': 'comment', 'author': 'socket-security', 'timestamp': '2024-12-09T22:56:28Z', 'content': 'New and removed dependencies detected.Learn more aboutSocket for GitHub ↗︎PackageNew capabilitiesTransitivesSizePublishernpm/@types/picomatch@3.0.1None018.1 kBtypes🚮 Removed packages:npm/@types/micromatch@4.0.6View full report↗︎'}
2025-02-01 18:09:55 INFO: Finished scraping fixes. Total unique responses: 4
2025-02-01 18:09:55 INFO: Results successfully written to /Users/mitchmcquoid/Desktop/fixes.json
2025-02-07 21:07:34 INFO: Submit button pressed.
2025-02-07 21:07:34 INFO: Mode selected: issues
2025-02-07 21:07:34 INFO: Starting scrape_github_issues for URL: https://github.com/vercel/nft/issues
2025-02-07 21:07:34 DEBUG: Starting new HTTPS connection (1): github.com:443
2025-02-07 21:07:34 DEBUG: https://github.com:443 "GET /vercel/nft/issues HTTP/1.1" 200 None
2025-02-07 21:07:34 INFO: Received response with status code: 200
2025-02-07 21:07:34 INFO: Found 12 issue rows
2025-02-07 21:07:34 INFO: Finished scraping issues. Total unique issues: 12
2025-02-07 21:07:34 INFO: Results successfully written to /Users/mitchmcquoid/Desktop/issues.json
2025-02-07 21:12:13 INFO: Submit button pressed.
2025-02-07 21:12:13 INFO: Mode selected: fixes
2025-02-07 21:12:13 INFO: Starting scrape_fix_pages for URL: https://github.com/vercel/nft/pull/455
2025-02-07 21:12:13 DEBUG: Starting new HTTPS connection (1): github.com:443
2025-02-07 21:12:14 DEBUG: https://github.com:443 "GET /vercel/nft/pull/455 HTTP/1.1" 200 None
2025-02-07 21:12:14 INFO: Received response with status code: 200
2025-02-07 21:12:14 INFO: Found 16 conversation items
2025-02-07 21:12:14 DEBUG: Skipping a fix item due to missing content.
2025-02-07 21:12:14 DEBUG: Skipping a fix item due to missing content.
2025-02-07 21:12:14 DEBUG: Skipping a fix item due to missing content.
2025-02-07 21:12:14 DEBUG: Skipping a fix item due to missing content.
2025-02-07 21:12:14 DEBUG: Skipping a fix item due to missing content.
2025-02-07 21:12:14 DEBUG: Skipping a fix item due to missing content.
2025-02-07 21:12:14 DEBUG: Skipping a fix item due to missing content.
2025-02-07 21:12:14 DEBUG: Skipping a fix item due to missing content.
2025-02-07 21:12:14 INFO: Duplicate item skipped: {'id': 'cef636d1-97aa-4b24-ad12-0eff13c67aa8', 'type': 'comment', 'author': 'benmccann', 'timestamp': '2024-12-09T22:48:48Z', 'content': 'This removes 5 dependencies from the dependency tree'}
2025-02-07 21:12:14 INFO: Duplicate item skipped: {'id': '9b758170-f1ad-4fb8-b292-6c39e56e9515', 'type': 'comment', 'author': 'benmccann', 'timestamp': '2024-12-09T22:48:48Z', 'content': 'This removes 5 dependencies from the dependency tree'}
2025-02-07 21:12:14 INFO: Duplicate item skipped: {'id': 'f8a06f4a-4960-4c42-9388-33282c6f3158', 'type': 'comment', 'author': 'socket-security', 'timestamp': '2024-12-09T22:56:28Z', 'content': 'New and removed dependencies detected.Learn more aboutSocket for GitHub ↗︎PackageNew capabilitiesTransitivesSizePublishernpm/@types/picomatch@3.0.1None018.1 kBtypes🚮 Removed packages:npm/@types/micromatch@4.0.6View full report↗︎'}
2025-02-07 21:12:14 INFO: Duplicate item skipped: {'id': '07cff795-9910-4636-a5d7-f078f37a7dca', 'type': 'comment', 'author': 'socket-security', 'timestamp': '2024-12-09T22:56:28Z', 'content': 'New and removed dependencies detected.Learn more aboutSocket for GitHub ↗︎PackageNew capabilitiesTransitivesSizePublishernpm/@types/picomatch@3.0.1None018.1 kBtypes🚮 Removed packages:npm/@types/micromatch@4.0.6View full report↗︎'}
2025-02-07 21:12:14 INFO: Finished scraping fixes. Total unique responses: 4
2025-02-07 21:12:14 INFO: Results successfully written to /Users/mitchmcquoid/Desktop/fixes.json
2025-02-07 21:47:22 INFO: Submit button pressed.
2025-02-07 21:47:22 INFO: Mode selected: issues
2025-02-07 21:47:22 INFO: Starting scrape_all_github_issues for URL: https://github.com/vercel/nft/issues
2025-02-07 21:47:22 INFO: Scraping single page of issues: https://github.com/vercel/nft/issues
2025-02-07 21:47:22 DEBUG: Starting new HTTPS connection (1): github.com:443
2025-02-07 21:47:22 DEBUG: https://github.com:443 "GET /vercel/nft/issues HTTP/1.1" 200 None
2025-02-07 21:47:22 INFO: Received response with status code: 200
2025-02-07 21:47:22 INFO: Found 12 issue rows on this page
2025-02-07 21:47:22 INFO: Finished scraping all pages. Total unique issues: 12
2025-02-07 21:47:22 INFO: Results successfully written to /Users/mitchmcquoid/Desktop/issues.json
2025-02-07 21:56:20 INFO: Submit button pressed.
2025-02-07 21:56:20 INFO: Mode selected: issues
2025-02-07 21:56:20 INFO: Starting scrape_all_github_issues for URL: https://github.com/vercel/vercel/issues
2025-02-07 21:56:20 INFO: Scraping single page of issues: https://github.com/vercel/vercel/issues
2025-02-07 21:56:20 DEBUG: Starting new HTTPS connection (1): github.com:443
2025-02-07 21:56:21 DEBUG: https://github.com:443 "GET /vercel/vercel/issues HTTP/1.1" 200 None
2025-02-07 21:56:21 INFO: Received response with status code: 200
2025-02-07 21:56:21 INFO: Found 12 issue rows on this page
2025-02-07 21:56:21 INFO: Finished scraping all pages. Total unique issues: 12
2025-02-07 21:56:21 INFO: Results successfully written to /Users/mitchmcquoid/Desktop/issues.json
2025-02-07 22:00:21 INFO: Submit button pressed.
2025-02-07 22:00:21 INFO: Mode selected: issues
2025-02-07 22:00:21 INFO: Starting scrape_all_github_issues for URL: https://github.com/neovim/neovim/issues
2025-02-07 22:00:21 INFO: Scraping single page of issues: https://github.com/neovim/neovim/issues
2025-02-07 22:00:21 DEBUG: Starting new HTTPS connection (1): github.com:443
2025-02-07 22:00:22 DEBUG: https://github.com:443 "GET /neovim/neovim/issues HTTP/1.1" 200 None
2025-02-07 22:00:22 INFO: Received response with status code: 200
2025-02-07 22:00:22 INFO: Found 12 issue rows on this page
2025-02-07 22:00:22 INFO: Finished scraping all pages. Total unique issues: 12
2025-02-07 22:00:22 INFO: Results successfully written to /Users/mitchmcquoid/Desktop/issues.json
2025-02-07 23:13:49 INFO: Submit button pressed.
2025-02-07 23:13:49 INFO: Mode selected: issues
2025-02-07 23:13:49 INFO: Starting scrape_github_issues (REST API) for URL: https://github.com/neovim/neovim/issues
2025-02-07 23:13:49 ERROR: GITHUB_TOKEN missing in environment.
2025-02-07 23:13:49 INFO: Results successfully written to /Users/mitchmcquoid/Desktop/issues.json
2025-02-07 23:34:48 INFO: Submit button pressed.
2025-02-07 23:34:48 INFO: Mode selected: issues
2025-02-07 23:34:48 INFO: Starting scrape_github_issues (REST API) for URL: https://github.com/neovim/neovim/issues
2025-02-07 23:34:48 INFO: Requesting page=1 of issues for neovim/neovim
2025-02-07 23:34:48 DEBUG: Starting new HTTPS connection (1): api.github.com:443
2025-02-07 23:34:49 DEBUG: https://api.github.com:443 "GET /repos/neovim/neovim/issues?state=all&page=1&per_page=100 HTTP/1.1" 200 None
2025-02-07 23:34:49 INFO: Requesting page=2 of issues for neovim/neovim
2025-02-07 23:34:49 DEBUG: Starting new HTTPS connection (1): api.github.com:443
2025-02-07 23:34:50 DEBUG: https://api.github.com:443 "GET /repos/neovim/neovim/issues?state=all&page=2&per_page=100 HTTP/1.1" 200 None
2025-02-07 23:34:50 INFO: Requesting page=3 of issues for neovim/neovim
2025-02-07 23:34:50 DEBUG: Starting new HTTPS connection (1): api.github.com:443
2025-02-07 23:34:50 DEBUG: https://api.github.com:443 "GET /repos/neovim/neovim/issues?state=all&page=3&per_page=100 HTTP/1.1" 200 None
2025-02-07 23:34:51 INFO: Requesting page=4 of issues for neovim/neovim
2025-02-07 23:34:51 DEBUG: Starting new HTTPS connection (1): api.github.com:443
2025-02-07 23:34:51 DEBUG: https://api.github.com:443 "GET /repos/neovim/neovim/issues?state=all&page=4&per_page=100 HTTP/1.1" 200 None
2025-02-07 23:34:51 INFO: Requesting page=5 of issues for neovim/neovim
2025-02-07 23:34:51 DEBUG: Starting new HTTPS connection (1): api.github.com:443
2025-02-07 23:34:52 DEBUG: https://api.github.com:443 "GET /repos/neovim/neovim/issues?state=all&page=5&per_page=100 HTTP/1.1" 200 None
2025-02-07 23:34:52 INFO: Requesting page=6 of issues for neovim/neovim
2025-02-07 23:34:52 DEBUG: Starting new HTTPS connection (1): api.github.com:443
2025-02-07 23:34:53 DEBUG: https://api.github.com:443 "GET /repos/neovim/neovim/issues?state=all&page=6&per_page=100 HTTP/1.1" 200 None
2025-02-07 23:34:53 INFO: Requesting page=7 of issues for neovim/neovim
2025-02-07 23:34:53 DEBUG: Starting new HTTPS connection (1): api.github.com:443
2025-02-07 23:34:54 DEBUG: https://api.github.com:443 "GET /repos/neovim/neovim/issues?state=all&page=7&per_page=100 HTTP/1.1" 200 None
2025-02-07 23:34:54 INFO: Requesting page=8 of issues for neovim/neovim
2025-02-07 23:34:54 DEBUG: Starting new HTTPS connection (1): api.github.com:443
2025-02-07 23:34:54 DEBUG: https://api.github.com:443 "GET /repos/neovim/neovim/issues?state=all&page=8&per_page=100 HTTP/1.1" 200 None
2025-02-07 23:34:54 INFO: Requesting page=9 of issues for neovim/neovim
2025-02-07 23:34:54 DEBUG: Starting new HTTPS connection (1): api.github.com:443
2025-02-07 23:34:55 DEBUG: https://api.github.com:443 "GET /repos/neovim/neovim/issues?state=all&page=9&per_page=100 HTTP/1.1" 200 None
2025-02-07 23:34:55 INFO: Requesting page=10 of issues for neovim/neovim
2025-02-07 23:34:55 DEBUG: Starting new HTTPS connection (1): api.github.com:443
2025-02-07 23:34:56 DEBUG: https://api.github.com:443 "GET /repos/neovim/neovim/issues?state=all&page=10&per_page=100 HTTP/1.1" 200 None
2025-02-07 23:34:56 INFO: Requesting page=11 of issues for neovim/neovim
2025-02-07 23:34:56 DEBUG: Starting new HTTPS connection (1): api.github.com:443
2025-02-07 23:34:57 DEBUG: https://api.github.com:443 "GET /repos/neovim/neovim/issues?state=all&page=11&per_page=100 HTTP/1.1" 200 None
2025-02-07 23:34:57 INFO: Requesting page=12 of issues for neovim/neovim
2025-02-07 23:34:57 DEBUG: Starting new HTTPS connection (1): api.github.com:443
2025-02-07 23:34:58 DEBUG: https://api.github.com:443 "GET /repos/neovim/neovim/issues?state=all&page=12&per_page=100 HTTP/1.1" 200 None
2025-02-07 23:34:58 INFO: Requesting page=13 of issues for neovim/neovim
2025-02-07 23:34:58 DEBUG: Starting new HTTPS connection (1): api.github.com:443
2025-02-07 23:34:59 DEBUG: https://api.github.com:443 "GET /repos/neovim/neovim/issues?state=all&page=13&per_page=100 HTTP/1.1" 200 None
2025-02-07 23:34:59 INFO: Requesting page=14 of issues for neovim/neovim
2025-02-07 23:34:59 DEBUG: Starting new HTTPS connection (1): api.github.com:443
2025-02-07 23:35:00 DEBUG: https://api.github.com:443 "GET /repos/neovim/neovim/issues?state=all&page=14&per_page=100 HTTP/1.1" 200 None
2025-02-07 23:35:00 INFO: Requesting page=15 of issues for neovim/neovim
2025-02-07 23:35:00 DEBUG: Starting new HTTPS connection (1): api.github.com:443
2025-02-07 23:35:00 DEBUG: https://api.github.com:443 "GET /repos/neovim/neovim/issues?state=all&page=15&per_page=100 HTTP/1.1" 200 None
2025-02-07 23:35:01 INFO: Requesting page=16 of issues for neovim/neovim
2025-02-07 23:35:01 DEBUG: Starting new HTTPS connection (1): api.github.com:443
2025-02-07 23:35:01 DEBUG: https://api.github.com:443 "GET /repos/neovim/neovim/issues?state=all&page=16&per_page=100 HTTP/1.1" 200 None
2025-02-07 23:35:01 INFO: Requesting page=17 of issues for neovim/neovim
2025-02-07 23:35:01 DEBUG: Starting new HTTPS connection (1): api.github.com:443
2025-02-07 23:35:02 DEBUG: https://api.github.com:443 "GET /repos/neovim/neovim/issues?state=all&page=17&per_page=100 HTTP/1.1" 200 None
2025-02-07 23:35:02 INFO: Requesting page=18 of issues for neovim/neovim
2025-02-07 23:35:02 DEBUG: Starting new HTTPS connection (1): api.github.com:443
2025-02-07 23:35:03 DEBUG: https://api.github.com:443 "GET /repos/neovim/neovim/issues?state=all&page=18&per_page=100 HTTP/1.1" 200 None
2025-02-07 23:35:03 INFO: Requesting page=19 of issues for neovim/neovim
2025-02-07 23:35:03 DEBUG: Starting new HTTPS connection (1): api.github.com:443
2025-02-07 23:35:04 DEBUG: https://api.github.com:443 "GET /repos/neovim/neovim/issues?state=all&page=19&per_page=100 HTTP/1.1" 200 None
2025-02-07 23:35:04 INFO: Requesting page=20 of issues for neovim/neovim
2025-02-07 23:35:04 DEBUG: Starting new HTTPS connection (1): api.github.com:443
2025-02-07 23:35:05 DEBUG: https://api.github.com:443 "GET /repos/neovim/neovim/issues?state=all&page=20&per_page=100 HTTP/1.1" 200 None
2025-02-07 23:35:05 INFO: Requesting page=21 of issues for neovim/neovim
2025-02-07 23:35:05 DEBUG: Starting new HTTPS connection (1): api.github.com:443
2025-02-07 23:35:06 DEBUG: https://api.github.com:443 "GET /repos/neovim/neovim/issues?state=all&page=21&per_page=100 HTTP/1.1" 200 None
2025-02-07 23:35:06 INFO: Requesting page=22 of issues for neovim/neovim
2025-02-07 23:35:06 DEBUG: Starting new HTTPS connection (1): api.github.com:443
2025-02-07 23:35:07 DEBUG: https://api.github.com:443 "GET /repos/neovim/neovim/issues?state=all&page=22&per_page=100 HTTP/1.1" 200 None
2025-02-07 23:35:07 INFO: Requesting page=23 of issues for neovim/neovim
2025-02-07 23:35:07 DEBUG: Starting new HTTPS connection (1): api.github.com:443
2025-02-07 23:35:08 DEBUG: https://api.github.com:443 "GET /repos/neovim/neovim/issues?state=all&page=23&per_page=100 HTTP/1.1" 200 None
2025-02-07 23:35:08 INFO: Requesting page=24 of issues for neovim/neovim
2025-02-07 23:35:08 DEBUG: Starting new HTTPS connection (1): api.github.com:443
2025-02-07 23:35:09 DEBUG: https://api.github.com:443 "GET /repos/neovim/neovim/issues?state=all&page=24&per_page=100 HTTP/1.1" 200 None
2025-02-07 23:35:09 INFO: Requesting page=25 of issues for neovim/neovim
2025-02-07 23:35:09 DEBUG: Starting new HTTPS connection (1): api.github.com:443
2025-02-07 23:35:09 DEBUG: https://api.github.com:443 "GET /repos/neovim/neovim/issues?state=all&page=25&per_page=100 HTTP/1.1" 200 None
2025-02-07 23:35:10 INFO: Requesting page=26 of issues for neovim/neovim
2025-02-07 23:35:10 DEBUG: Starting new HTTPS connection (1): api.github.com:443
2025-02-07 23:35:10 DEBUG: https://api.github.com:443 "GET /repos/neovim/neovim/issues?state=all&page=26&per_page=100 HTTP/1.1" 200 None
2025-02-07 23:35:10 INFO: Requesting page=27 of issues for neovim/neovim
2025-02-07 23:35:10 DEBUG: Starting new HTTPS connection (1): api.github.com:443
2025-02-07 23:51:28 INFO: Submit button pressed.
2025-02-07 23:51:28 INFO: Mode selected: issues
2025-02-07 23:51:28 INFO: Starting scrape_github_issues (REST API) for URL: https://github.com/neovim/neovim/issues
2025-02-07 23:51:28 INFO: Requesting page=1 of issues for neovim/neovim
2025-02-07 23:51:28 DEBUG: Starting new HTTPS connection (1): api.github.com:443
2025-02-07 23:51:28 DEBUG: https://api.github.com:443 "GET /repos/neovim/neovim/issues?state=all&page=1&per_page=100 HTTP/1.1" 200 None
2025-02-07 23:51:29 INFO: Requesting page=2 of issues for neovim/neovim
2025-02-07 23:51:29 DEBUG: Starting new HTTPS connection (1): api.github.com:443
2025-02-07 23:51:29 DEBUG: https://api.github.com:443 "GET /repos/neovim/neovim/issues?state=all&page=2&per_page=100 HTTP/1.1" 200 None
2025-02-07 23:51:29 INFO: Requesting page=3 of issues for neovim/neovim
2025-02-07 23:51:29 DEBUG: Starting new HTTPS connection (1): api.github.com:443
2025-02-07 23:51:30 DEBUG: https://api.github.com:443 "GET /repos/neovim/neovim/issues?state=all&page=3&per_page=100 HTTP/1.1" 200 None
2025-02-07 23:51:30 INFO: Requesting page=4 of issues for neovim/neovim
2025-02-07 23:51:30 DEBUG: Starting new HTTPS connection (1): api.github.com:443
2025-02-08 00:09:05 INFO: Submit button pressed.
2025-02-08 00:09:05 INFO: Mode selected: issues
2025-02-08 00:09:05 INFO: Starting scrape_github_issues (REST API) for URL: https://github.com/neovim/neovim/issues
2025-02-08 00:09:05 INFO: Requesting page=1 of issues for neovim/neovim
2025-02-08 00:09:05 DEBUG: Starting new HTTPS connection (1): api.github.com:443
2025-02-08 00:09:06 DEBUG: https://api.github.com:443 "GET /repos/neovim/neovim/issues?state=all&page=1&per_page=100 HTTP/1.1" 200 None
2025-02-08 00:09:06 INFO: Requesting page=2 of issues for neovim/neovim
2025-02-08 00:09:06 DEBUG: Starting new HTTPS connection (1): api.github.com:443
2025-02-08 00:09:07 DEBUG: https://api.github.com:443 "GET /repos/neovim/neovim/issues?state=all&page=2&per_page=100 HTTP/1.1" 200 None
2025-02-08 00:09:07 INFO: Requesting page=3 of issues for neovim/neovim
2025-02-08 00:09:07 DEBUG: Starting new HTTPS connection (1): api.github.com:443
2025-02-08 00:09:08 DEBUG: https://api.github.com:443 "GET /repos/neovim/neovim/issues?state=all&page=3&per_page=100 HTTP/1.1" 200 None
2025-02-08 00:09:08 INFO: Requesting page=4 of issues for neovim/neovim
2025-02-08 00:09:08 DEBUG: Starting new HTTPS connection (1): api.github.com:443
2025-02-08 00:09:08 DEBUG: https://api.github.com:443 "GET /repos/neovim/neovim/issues?state=all&page=4&per_page=100 HTTP/1.1" 200 None
2025-02-08 00:09:09 INFO: Requesting page=5 of issues for neovim/neovim
2025-02-08 00:09:09 DEBUG: Starting new HTTPS connection (1): api.github.com:443
2025-02-08 00:09:09 DEBUG: https://api.github.com:443 "GET /repos/neovim/neovim/issues?state=all&page=5&per_page=100 HTTP/1.1" 200 None
2025-02-08 00:09:09 INFO: Requesting page=6 of issues for neovim/neovim
2025-02-08 00:09:09 DEBUG: Starting new HTTPS connection (1): api.github.com:443
2025-02-08 00:09:10 DEBUG: https://api.github.com:443 "GET /repos/neovim/neovim/issues?state=all&page=6&per_page=100 HTTP/1.1" 200 None
2025-02-08 00:09:10 INFO: Requesting page=7 of issues for neovim/neovim
2025-02-08 00:09:10 DEBUG: Starting new HTTPS connection (1): api.github.com:443
2025-02-08 00:09:11 DEBUG: https://api.github.com:443 "GET /repos/neovim/neovim/issues?state=all&page=7&per_page=100 HTTP/1.1" 200 None
2025-02-08 00:09:11 INFO: Requesting page=8 of issues for neovim/neovim
2025-02-08 00:09:11 DEBUG: Starting new HTTPS connection (1): api.github.com:443
2025-02-08 00:09:12 DEBUG: https://api.github.com:443 "GET /repos/neovim/neovim/issues?state=all&page=8&per_page=100 HTTP/1.1" 200 None
2025-02-08 00:09:12 INFO: Requesting page=9 of issues for neovim/neovim
2025-02-08 00:09:12 DEBUG: Starting new HTTPS connection (1): api.github.com:443
2025-02-08 00:09:12 DEBUG: https://api.github.com:443 "GET /repos/neovim/neovim/issues?state=all&page=9&per_page=100 HTTP/1.1" 200 None
2025-02-08 00:09:13 INFO: Requesting page=10 of issues for neovim/neovim
2025-02-08 00:09:13 DEBUG: Starting new HTTPS connection (1): api.github.com:443
2025-02-08 00:09:13 DEBUG: https://api.github.com:443 "GET /repos/neovim/neovim/issues?state=all&page=10&per_page=100 HTTP/1.1" 200 None
2025-02-08 00:09:13 INFO: Requesting page=11 of issues for neovim/neovim
2025-02-08 00:09:13 DEBUG: Starting new HTTPS connection (1): api.github.com:443
2025-02-08 00:09:14 DEBUG: https://api.github.com:443 "GET /repos/neovim/neovim/issues?state=all&page=11&per_page=100 HTTP/1.1" 200 None
2025-02-08 00:09:14 INFO: Requesting page=12 of issues for neovim/neovim
2025-02-08 00:09:14 DEBUG: Starting new HTTPS connection (1): api.github.com:443
2025-02-08 00:09:15 DEBUG: https://api.github.com:443 "GET /repos/neovim/neovim/issues?state=all&page=12&per_page=100 HTTP/1.1" 200 None
2025-02-08 00:09:15 INFO: Requesting page=13 of issues for neovim/neovim
2025-02-08 00:09:15 DEBUG: Starting new HTTPS connection (1): api.github.com:443
2025-02-08 00:09:16 DEBUG: https://api.github.com:443 "GET /repos/neovim/neovim/issues?state=all&page=13&per_page=100 HTTP/1.1" 200 None
2025-02-08 00:09:16 INFO: Requesting page=14 of issues for neovim/neovim
2025-02-08 00:09:16 DEBUG: Starting new HTTPS connection (1): api.github.com:443
2025-02-08 00:09:17 DEBUG: https://api.github.com:443 "GET /repos/neovim/neovim/issues?state=all&page=14&per_page=100 HTTP/1.1" 200 None
2025-02-08 00:09:17 INFO: Requesting page=15 of issues for neovim/neovim
2025-02-08 00:09:17 DEBUG: Starting new HTTPS connection (1): api.github.com:443
2025-02-08 00:09:17 DEBUG: https://api.github.com:443 "GET /repos/neovim/neovim/issues?state=all&page=15&per_page=100 HTTP/1.1" 200 None
2025-02-08 00:09:17 INFO: Requesting page=16 of issues for neovim/neovim
2025-02-08 00:09:17 DEBUG: Starting new HTTPS connection (1): api.github.com:443
2025-02-08 00:09:18 DEBUG: https://api.github.com:443 "GET /repos/neovim/neovim/issues?state=all&page=16&per_page=100 HTTP/1.1" 200 None
2025-02-08 00:09:18 INFO: Requesting page=17 of issues for neovim/neovim
2025-02-08 00:09:18 DEBUG: Starting new HTTPS connection (1): api.github.com:443
2025-02-08 00:09:19 DEBUG: https://api.github.com:443 "GET /repos/neovim/neovim/issues?state=all&page=17&per_page=100 HTTP/1.1" 200 None
2025-02-08 00:09:19 INFO: Requesting page=18 of issues for neovim/neovim
2025-02-08 00:09:19 DEBUG: Starting new HTTPS connection (1): api.github.com:443
2025-02-08 00:09:20 DEBUG: https://api.github.com:443 "GET /repos/neovim/neovim/issues?state=all&page=18&per_page=100 HTTP/1.1" 200 None
2025-02-08 00:09:20 INFO: Requesting page=19 of issues for neovim/neovim
2025-02-08 00:09:20 DEBUG: Starting new HTTPS connection (1): api.github.com:443
2025-02-08 00:14:18 INFO: Submit button pressed.
2025-02-08 00:14:18 INFO: Mode selected: issues
2025-02-08 00:14:18 INFO: Starting scrape_github_issues (REST API) for URL: https://github.com/neovim/neovim/issues
2025-02-08 00:14:18 INFO: Requesting page=1 of issues for neovim/neovim
2025-02-08 00:14:18 DEBUG: Starting new HTTPS connection (1): api.github.com:443
2025-02-08 00:14:18 DEBUG: https://api.github.com:443 "GET /repos/neovim/neovim/issues?state=all&page=1&per_page=100 HTTP/1.1" 200 None
2025-02-08 00:14:19 INFO: Requesting page=2 of issues for neovim/neovim
2025-02-08 00:14:19 DEBUG: Starting new HTTPS connection (1): api.github.com:443
2025-02-08 00:14:19 DEBUG: https://api.github.com:443 "GET /repos/neovim/neovim/issues?state=all&page=2&per_page=100 HTTP/1.1" 200 None
2025-02-08 00:14:20 INFO: Requesting page=3 of issues for neovim/neovim
2025-02-08 00:14:20 DEBUG: Starting new HTTPS connection (1): api.github.com:443
2025-02-08 00:14:20 DEBUG: https://api.github.com:443 "GET /repos/neovim/neovim/issues?state=all&page=3&per_page=100 HTTP/1.1" 200 None
2025-02-08 00:14:20 INFO: Requesting page=4 of issues for neovim/neovim
2025-02-08 00:14:20 DEBUG: Starting new HTTPS connection (1): api.github.com:443
2025-02-08 00:14:21 DEBUG: https://api.github.com:443 "GET /repos/neovim/neovim/issues?state=all&page=4&per_page=100 HTTP/1.1" 200 None
2025-02-08 00:14:21 INFO: Requesting page=5 of issues for neovim/neovim
2025-02-08 00:14:21 DEBUG: Starting new HTTPS connection (1): api.github.com:443
2025-02-08 00:14:22 DEBUG: https://api.github.com:443 "GET /repos/neovim/neovim/issues?state=all&page=5&per_page=100 HTTP/1.1" 200 None
2025-02-08 00:14:22 INFO: Requesting page=6 of issues for neovim/neovim
2025-02-08 00:14:22 DEBUG: Starting new HTTPS connection (1): api.github.com:443
2025-02-08 00:14:23 DEBUG: https://api.github.com:443 "GET /repos/neovim/neovim/issues?state=all&page=6&per_page=100 HTTP/1.1" 200 None
2025-02-08 00:14:23 INFO: Requesting page=7 of issues for neovim/neovim
2025-02-08 00:14:23 DEBUG: Starting new HTTPS connection (1): api.github.com:443
2025-02-08 00:14:23 DEBUG: https://api.github.com:443 "GET /repos/neovim/neovim/issues?state=all&page=7&per_page=100 HTTP/1.1" 200 None
2025-02-08 00:14:23 INFO: Requesting page=8 of issues for neovim/neovim
2025-02-08 00:14:24 DEBUG: Starting new HTTPS connection (1): api.github.com:443
2025-02-08 00:14:24 DEBUG: https://api.github.com:443 "GET /repos/neovim/neovim/issues?state=all&page=8&per_page=100 HTTP/1.1" 200 None
2025-02-08 00:14:24 INFO: Requesting page=9 of issues for neovim/neovim
2025-02-08 00:14:24 DEBUG: Starting new HTTPS connection (1): api.github.com:443
2025-02-08 00:14:25 DEBUG: https://api.github.com:443 "GET /repos/neovim/neovim/issues?state=all&page=9&per_page=100 HTTP/1.1" 200 None
2025-02-08 00:14:25 INFO: Requesting page=10 of issues for neovim/neovim
2025-02-08 00:14:25 DEBUG: Starting new HTTPS connection (1): api.github.com:443
2025-02-08 00:14:26 DEBUG: https://api.github.com:443 "GET /repos/neovim/neovim/issues?state=all&page=10&per_page=100 HTTP/1.1" 200 None
2025-02-08 00:14:26 INFO: Requesting page=11 of issues for neovim/neovim
2025-02-08 00:14:26 DEBUG: Starting new HTTPS connection (1): api.github.com:443
2025-02-08 00:14:27 DEBUG: https://api.github.com:443 "GET /repos/neovim/neovim/issues?state=all&page=11&per_page=100 HTTP/1.1" 200 None
2025-02-08 00:14:27 INFO: Requesting page=12 of issues for neovim/neovim
2025-02-08 00:14:27 DEBUG: Starting new HTTPS connection (1): api.github.com:443
2025-02-08 00:14:28 DEBUG: https://api.github.com:443 "GET /repos/neovim/neovim/issues?state=all&page=12&per_page=100 HTTP/1.1" 200 None
2025-02-08 00:14:28 INFO: Requesting page=13 of issues for neovim/neovim
2025-02-08 00:14:28 DEBUG: Starting new HTTPS connection (1): api.github.com:443
2025-02-08 00:14:28 DEBUG: https://api.github.com:443 "GET /repos/neovim/neovim/issues?state=all&page=13&per_page=100 HTTP/1.1" 200 None
2025-02-08 00:14:29 INFO: Requesting page=14 of issues for neovim/neovim
2025-02-08 00:14:29 DEBUG: Starting new HTTPS connection (1): api.github.com:443
2025-02-08 00:14:29 DEBUG: https://api.github.com:443 "GET /repos/neovim/neovim/issues?state=all&page=14&per_page=100 HTTP/1.1" 200 None
2025-02-08 00:14:29 INFO: Requesting page=15 of issues for neovim/neovim
2025-02-08 00:14:29 DEBUG: Starting new HTTPS connection (1): api.github.com:443
2025-02-08 00:14:30 DEBUG: https://api.github.com:443 "GET /repos/neovim/neovim/issues?state=all&page=15&per_page=100 HTTP/1.1" 200 None
2025-02-08 00:14:30 INFO: Requesting page=16 of issues for neovim/neovim
2025-02-08 00:14:30 DEBUG: Starting new HTTPS connection (1): api.github.com:443
2025-02-08 00:14:31 DEBUG: https://api.github.com:443 "GET /repos/neovim/neovim/issues?state=all&page=16&per_page=100 HTTP/1.1" 200 None
2025-02-08 00:14:31 INFO: Requesting page=17 of issues for neovim/neovim
2025-02-08 00:14:31 DEBUG: Starting new HTTPS connection (1): api.github.com:443
2025-02-08 00:14:32 DEBUG: https://api.github.com:443 "GET /repos/neovim/neovim/issues?state=all&page=17&per_page=100 HTTP/1.1" 200 None
2025-02-08 00:14:32 INFO: Requesting page=18 of issues for neovim/neovim
2025-02-08 00:14:32 DEBUG: Starting new HTTPS connection (1): api.github.com:443
2025-02-08 00:14:33 DEBUG: https://api.github.com:443 "GET /repos/neovim/neovim/issues?state=all&page=18&per_page=100 HTTP/1.1" 200 None
2025-02-08 00:14:33 INFO: Requesting page=19 of issues for neovim/neovim
2025-02-08 00:14:33 DEBUG: Starting new HTTPS connection (1): api.github.com:443
2025-02-08 00:14:34 DEBUG: https://api.github.com:443 "GET /repos/neovim/neovim/issues?state=all&page=19&per_page=100 HTTP/1.1" 200 None
2025-02-08 00:14:34 INFO: Requesting page=20 of issues for neovim/neovim
2025-02-08 00:14:34 DEBUG: Starting new HTTPS connection (1): api.github.com:443
2025-02-08 00:14:35 DEBUG: https://api.github.com:443 "GET /repos/neovim/neovim/issues?state=all&page=20&per_page=100 HTTP/1.1" 200 None
2025-02-08 00:14:35 INFO: Requesting page=21 of issues for neovim/neovim
2025-02-08 00:14:35 DEBUG: Starting new HTTPS connection (1): api.github.com:443
2025-02-08 00:14:35 DEBUG: https://api.github.com:443 "GET /repos/neovim/neovim/issues?state=all&page=21&per_page=100 HTTP/1.1" 200 None
2025-02-08 00:14:36 INFO: Requesting page=22 of issues for neovim/neovim
2025-02-08 00:14:36 DEBUG: Starting new HTTPS connection (1): api.github.com:443
2025-02-08 00:14:36 DEBUG: https://api.github.com:443 "GET /repos/neovim/neovim/issues?state=all&page=22&per_page=100 HTTP/1.1" 200 None
2025-02-08 00:14:36 INFO: Requesting page=23 of issues for neovim/neovim
2025-02-08 00:14:36 DEBUG: Starting new HTTPS connection (1): api.github.com:443
2025-02-08 00:14:37 DEBUG: https://api.github.com:443 "GET /repos/neovim/neovim/issues?state=all&page=23&per_page=100 HTTP/1.1" 200 None
2025-02-08 00:14:37 INFO: Requesting page=24 of issues for neovim/neovim
2025-02-08 00:14:37 DEBUG: Starting new HTTPS connection (1): api.github.com:443
2025-02-08 00:14:38 DEBUG: https://api.github.com:443 "GET /repos/neovim/neovim/issues?state=all&page=24&per_page=100 HTTP/1.1" 200 None
2025-02-08 00:14:38 INFO: Requesting page=25 of issues for neovim/neovim
2025-02-08 00:14:38 DEBUG: Starting new HTTPS connection (1): api.github.com:443
2025-02-08 00:14:39 DEBUG: https://api.github.com:443 "GET /repos/neovim/neovim/issues?state=all&page=25&per_page=100 HTTP/1.1" 200 None
2025-02-08 00:14:39 INFO: Requesting page=26 of issues for neovim/neovim
2025-02-08 00:14:39 DEBUG: Starting new HTTPS connection (1): api.github.com:443
2025-02-08 00:14:40 DEBUG: https://api.github.com:443 "GET /repos/neovim/neovim/issues?state=all&page=26&per_page=100 HTTP/1.1" 200 None
2025-02-08 00:14:40 INFO: Requesting page=27 of issues for neovim/neovim
2025-02-08 00:14:40 DEBUG: Starting new HTTPS connection (1): api.github.com:443
2025-02-08 00:14:41 DEBUG: https://api.github.com:443 "GET /repos/neovim/neovim/issues?state=all&page=27&per_page=100 HTTP/1.1" 200 None
2025-02-08 00:14:41 INFO: Requesting page=28 of issues for neovim/neovim
2025-02-08 00:14:41 DEBUG: Starting new HTTPS connection (1): api.github.com:443
2025-02-08 00:14:42 DEBUG: https://api.github.com:443 "GET /repos/neovim/neovim/issues?state=all&page=28&per_page=100 HTTP/1.1" 200 None
2025-02-08 00:14:42 INFO: Requesting page=29 of issues for neovim/neovim
2025-02-08 00:14:42 DEBUG: Starting new HTTPS connection (1): api.github.com:443
2025-02-08 00:14:43 DEBUG: https://api.github.com:443 "GET /repos/neovim/neovim/issues?state=all&page=29&per_page=100 HTTP/1.1" 200 None
2025-02-08 00:14:43 INFO: Requesting page=30 of issues for neovim/neovim
2025-02-08 00:14:43 DEBUG: Starting new HTTPS connection (1): api.github.com:443
2025-02-08 00:14:44 DEBUG: https://api.github.com:443 "GET /repos/neovim/neovim/issues?state=all&page=30&per_page=100 HTTP/1.1" 200 None
2025-02-08 00:14:44 INFO: Requesting page=31 of issues for neovim/neovim
2025-02-08 00:14:44 DEBUG: Starting new HTTPS connection (1): api.github.com:443
2025-02-08 00:14:45 DEBUG: https://api.github.com:443 "GET /repos/neovim/neovim/issues?state=all&page=31&per_page=100 HTTP/1.1" 200 None
2025-02-08 00:14:45 INFO: Requesting page=32 of issues for neovim/neovim
2025-02-08 00:14:45 DEBUG: Starting new HTTPS connection (1): api.github.com:443
2025-02-08 00:14:46 DEBUG: https://api.github.com:443 "GET /repos/neovim/neovim/issues?state=all&page=32&per_page=100 HTTP/1.1" 200 None
2025-02-08 00:14:46 INFO: Requesting page=33 of issues for neovim/neovim
2025-02-08 00:14:46 DEBUG: Starting new HTTPS connection (1): api.github.com:443
2025-02-08 00:14:47 DEBUG: https://api.github.com:443 "GET /repos/neovim/neovim/issues?state=all&page=33&per_page=100 HTTP/1.1" 200 None
2025-02-08 00:14:47 INFO: Requesting page=34 of issues for neovim/neovim
2025-02-08 00:14:47 DEBUG: Starting new HTTPS connection (1): api.github.com:443
2025-02-08 00:14:48 DEBUG: https://api.github.com:443 "GET /repos/neovim/neovim/issues?state=all&page=34&per_page=100 HTTP/1.1" 200 None
2025-02-08 00:14:48 INFO: Requesting page=35 of issues for neovim/neovim
2025-02-08 00:14:48 DEBUG: Starting new HTTPS connection (1): api.github.com:443
2025-02-08 00:14:48 DEBUG: https://api.github.com:443 "GET /repos/neovim/neovim/issues?state=all&page=35&per_page=100 HTTP/1.1" 200 None
2025-02-08 00:14:49 INFO: Requesting page=36 of issues for neovim/neovim
2025-02-08 00:14:49 DEBUG: Starting new HTTPS connection (1): api.github.com:443
2025-02-08 00:14:49 DEBUG: https://api.github.com:443 "GET /repos/neovim/neovim/issues?state=all&page=36&per_page=100 HTTP/1.1" 200 None
2025-02-08 00:14:50 INFO: Requesting page=37 of issues for neovim/neovim
2025-02-08 00:14:50 DEBUG: Starting new HTTPS connection (1): api.github.com:443
2025-02-08 00:14:50 DEBUG: https://api.github.com:443 "GET /repos/neovim/neovim/issues?state=all&page=37&per_page=100 HTTP/1.1" 200 None
2025-02-08 00:14:50 INFO: Requesting page=38 of issues for neovim/neovim
2025-02-08 00:14:50 DEBUG: Starting new HTTPS connection (1): api.github.com:443
2025-02-08 00:14:51 DEBUG: https://api.github.com:443 "GET /repos/neovim/neovim/issues?state=all&page=38&per_page=100 HTTP/1.1" 200 None
2025-02-08 00:14:51 INFO: Requesting page=39 of issues for neovim/neovim
2025-02-08 00:14:51 DEBUG: Starting new HTTPS connection (1): api.github.com:443
2025-02-08 00:15:35 INFO: Submit button pressed.
2025-02-08 00:15:35 INFO: Mode selected: issues
2025-02-08 00:15:35 INFO: Starting scrape_github_issues (REST API) for URL: https://github.com/neovim/neovim/issues
2025-02-08 00:15:35 INFO: Requesting page=1 of issues for neovim/neovim
2025-02-08 00:15:35 DEBUG: Starting new HTTPS connection (1): api.github.com:443
2025-02-08 00:15:35 DEBUG: https://api.github.com:443 "GET /repos/neovim/neovim/issues?state=all&page=1&per_page=100 HTTP/1.1" 200 None
2025-02-08 00:15:35 INFO: Requesting page=2 of issues for neovim/neovim
2025-02-08 00:15:35 DEBUG: Starting new HTTPS connection (1): api.github.com:443
2025-02-08 00:15:36 DEBUG: https://api.github.com:443 "GET /repos/neovim/neovim/issues?state=all&page=2&per_page=100 HTTP/1.1" 200 None
2025-02-08 00:15:36 INFO: Requesting page=3 of issues for neovim/neovim
2025-02-08 00:15:36 DEBUG: Starting new HTTPS connection (1): api.github.com:443
2025-02-08 00:15:37 DEBUG: https://api.github.com:443 "GET /repos/neovim/neovim/issues?state=all&page=3&per_page=100 HTTP/1.1" 200 None
2025-02-08 00:15:37 INFO: Requesting page=4 of issues for neovim/neovim
2025-02-08 00:15:37 DEBUG: Starting new HTTPS connection (1): api.github.com:443
2025-02-08 00:15:38 DEBUG: https://api.github.com:443 "GET /repos/neovim/neovim/issues?state=all&page=4&per_page=100 HTTP/1.1" 200 None
2025-02-08 00:15:38 INFO: Requesting page=5 of issues for neovim/neovim
2025-02-08 00:15:38 DEBUG: Starting new HTTPS connection (1): api.github.com:443
2025-02-08 00:15:38 DEBUG: https://api.github.com:443 "GET /repos/neovim/neovim/issues?state=all&page=5&per_page=100 HTTP/1.1" 200 None
2025-02-08 00:15:38 INFO: Requesting page=6 of issues for neovim/neovim
2025-02-08 00:15:38 DEBUG: Starting new HTTPS connection (1): api.github.com:443
2025-02-08 00:15:39 DEBUG: https://api.github.com:443 "GET /repos/neovim/neovim/issues?state=all&page=6&per_page=100 HTTP/1.1" 200 None
2025-02-08 00:15:39 INFO: Requesting page=7 of issues for neovim/neovim
2025-02-08 00:15:39 DEBUG: Starting new HTTPS connection (1): api.github.com:443
2025-02-08 00:15:40 DEBUG: https://api.github.com:443 "GET /repos/neovim/neovim/issues?state=all&page=7&per_page=100 HTTP/1.1" 200 None
2025-02-08 00:15:40 INFO: Requesting page=8 of issues for neovim/neovim
2025-02-08 00:15:40 DEBUG: Starting new HTTPS connection (1): api.github.com:443
2025-02-08 00:15:41 DEBUG: https://api.github.com:443 "GET /repos/neovim/neovim/issues?state=all&page=8&per_page=100 HTTP/1.1" 200 None
2025-02-08 00:15:41 INFO: Requesting page=9 of issues for neovim/neovim
2025-02-08 00:15:41 DEBUG: Starting new HTTPS connection (1): api.github.com:443
2025-02-08 00:15:41 DEBUG: https://api.github.com:443 "GET /repos/neovim/neovim/issues?state=all&page=9&per_page=100 HTTP/1.1" 200 None
2025-02-08 00:15:42 INFO: Requesting page=10 of issues for neovim/neovim
2025-02-08 00:15:42 DEBUG: Starting new HTTPS connection (1): api.github.com:443
2025-02-08 00:15:42 DEBUG: https://api.github.com:443 "GET /repos/neovim/neovim/issues?state=all&page=10&per_page=100 HTTP/1.1" 200 None
2025-02-08 00:15:42 INFO: Requesting page=11 of issues for neovim/neovim
2025-02-08 00:15:42 DEBUG: Starting new HTTPS connection (1): api.github.com:443
2025-02-08 00:15:43 DEBUG: https://api.github.com:443 "GET /repos/neovim/neovim/issues?state=all&page=11&per_page=100 HTTP/1.1" 200 None
2025-02-08 00:15:43 INFO: Requesting page=12 of issues for neovim/neovim
2025-02-08 00:15:43 DEBUG: Starting new HTTPS connection (1): api.github.com:443
2025-02-08 00:15:44 DEBUG: https://api.github.com:443 "GET /repos/neovim/neovim/issues?state=all&page=12&per_page=100 HTTP/1.1" 200 None
2025-02-08 00:15:44 INFO: Requesting page=13 of issues for neovim/neovim
2025-02-08 00:15:44 DEBUG: Starting new HTTPS connection (1): api.github.com:443
2025-02-08 00:15:45 DEBUG: https://api.github.com:443 "GET /repos/neovim/neovim/issues?state=all&page=13&per_page=100 HTTP/1.1" 200 None
2025-02-08 00:15:45 INFO: Requesting page=14 of issues for neovim/neovim
2025-02-08 00:15:45 DEBUG: Starting new HTTPS connection (1): api.github.com:443
2025-02-08 00:15:45 DEBUG: https://api.github.com:443 "GET /repos/neovim/neovim/issues?state=all&page=14&per_page=100 HTTP/1.1" 200 None
2025-02-08 00:15:45 INFO: Requesting page=15 of issues for neovim/neovim
2025-02-08 00:15:45 DEBUG: Starting new HTTPS connection (1): api.github.com:443
2025-02-08 00:15:46 DEBUG: https://api.github.com:443 "GET /repos/neovim/neovim/issues?state=all&page=15&per_page=100 HTTP/1.1" 200 None
2025-02-08 00:15:46 INFO: Requesting page=16 of issues for neovim/neovim
2025-02-08 00:15:46 DEBUG: Starting new HTTPS connection (1): api.github.com:443
2025-02-08 00:15:47 DEBUG: https://api.github.com:443 "GET /repos/neovim/neovim/issues?state=all&page=16&per_page=100 HTTP/1.1" 200 None
2025-02-08 00:15:47 INFO: Requesting page=17 of issues for neovim/neovim
2025-02-08 00:15:47 DEBUG: Starting new HTTPS connection (1): api.github.com:443
2025-02-08 00:15:48 DEBUG: https://api.github.com:443 "GET /repos/neovim/neovim/issues?state=all&page=17&per_page=100 HTTP/1.1" 200 None
2025-02-08 00:15:48 INFO: Requesting page=18 of issues for neovim/neovim
2025-02-08 00:15:48 DEBUG: Starting new HTTPS connection (1): api.github.com:443
2025-02-08 00:15:48 DEBUG: https://api.github.com:443 "GET /repos/neovim/neovim/issues?state=all&page=18&per_page=100 HTTP/1.1" 200 None
2025-02-08 00:15:48 INFO: Requesting page=19 of issues for neovim/neovim
2025-02-08 00:15:48 DEBUG: Starting new HTTPS connection (1): api.github.com:443
2025-02-08 00:15:49 DEBUG: https://api.github.com:443 "GET /repos/neovim/neovim/issues?state=all&page=19&per_page=100 HTTP/1.1" 200 None
2025-02-08 00:15:49 INFO: Requesting page=20 of issues for neovim/neovim
2025-02-08 00:15:49 DEBUG: Starting new HTTPS connection (1): api.github.com:443
2025-02-08 00:15:50 DEBUG: https://api.github.com:443 "GET /repos/neovim/neovim/issues?state=all&page=20&per_page=100 HTTP/1.1" 200 None
2025-02-08 00:15:50 INFO: Requesting page=21 of issues for neovim/neovim
2025-02-08 00:15:50 DEBUG: Starting new HTTPS connection (1): api.github.com:443
2025-02-08 00:15:50 DEBUG: https://api.github.com:443 "GET /repos/neovim/neovim/issues?state=all&page=21&per_page=100 HTTP/1.1" 200 None
2025-02-08 00:15:50 INFO: Requesting page=22 of issues for neovim/neovim
2025-02-08 00:15:50 DEBUG: Starting new HTTPS connection (1): api.github.com:443
2025-02-08 00:15:51 DEBUG: https://api.github.com:443 "GET /repos/neovim/neovim/issues?state=all&page=22&per_page=100 HTTP/1.1" 200 None
2025-02-08 00:15:51 INFO: Requesting page=23 of issues for neovim/neovim
2025-02-08 00:15:51 DEBUG: Starting new HTTPS connection (1): api.github.com:443
2025-02-08 00:15:52 DEBUG: https://api.github.com:443 "GET /repos/neovim/neovim/issues?state=all&page=23&per_page=100 HTTP/1.1" 200 None
2025-02-08 00:15:52 INFO: Requesting page=24 of issues for neovim/neovim
2025-02-08 00:15:52 DEBUG: Starting new HTTPS connection (1): api.github.com:443
2025-02-08 00:15:53 DEBUG: https://api.github.com:443 "GET /repos/neovim/neovim/issues?state=all&page=24&per_page=100 HTTP/1.1" 200 None
2025-02-08 00:15:53 INFO: Requesting page=25 of issues for neovim/neovim
2025-02-08 00:15:53 DEBUG: Starting new HTTPS connection (1): api.github.com:443
2025-02-08 00:15:53 DEBUG: https://api.github.com:443 "GET /repos/neovim/neovim/issues?state=all&page=25&per_page=100 HTTP/1.1" 200 None
2025-02-08 00:15:53 INFO: Requesting page=26 of issues for neovim/neovim
2025-02-08 00:15:53 DEBUG: Starting new HTTPS connection (1): api.github.com:443
2025-02-08 00:15:54 DEBUG: https://api.github.com:443 "GET /repos/neovim/neovim/issues?state=all&page=26&per_page=100 HTTP/1.1" 200 None
2025-02-08 00:15:54 INFO: Requesting page=27 of issues for neovim/neovim
2025-02-08 00:15:54 DEBUG: Starting new HTTPS connection (1): api.github.com:443
2025-02-08 00:15:55 DEBUG: https://api.github.com:443 "GET /repos/neovim/neovim/issues?state=all&page=27&per_page=100 HTTP/1.1" 200 None
2025-02-08 00:15:55 INFO: Requesting page=28 of issues for neovim/neovim
2025-02-08 00:15:55 DEBUG: Starting new HTTPS connection (1): api.github.com:443
2025-02-08 00:15:56 DEBUG: https://api.github.com:443 "GET /repos/neovim/neovim/issues?state=all&page=28&per_page=100 HTTP/1.1" 200 None
2025-02-08 00:15:56 INFO: Requesting page=29 of issues for neovim/neovim
2025-02-08 00:15:56 DEBUG: Starting new HTTPS connection (1): api.github.com:443
2025-02-08 00:15:56 DEBUG: https://api.github.com:443 "GET /repos/neovim/neovim/issues?state=all&page=29&per_page=100 HTTP/1.1" 200 None
2025-02-08 00:15:57 INFO: Requesting page=30 of issues for neovim/neovim
2025-02-08 00:15:57 DEBUG: Starting new HTTPS connection (1): api.github.com:443
2025-02-08 00:15:57 DEBUG: https://api.github.com:443 "GET /repos/neovim/neovim/issues?state=all&page=30&per_page=100 HTTP/1.1" 200 None
2025-02-08 00:15:57 INFO: Requesting page=31 of issues for neovim/neovim
2025-02-08 00:15:57 DEBUG: Starting new HTTPS connection (1): api.github.com:443
2025-02-08 00:15:58 DEBUG: https://api.github.com:443 "GET /repos/neovim/neovim/issues?state=all&page=31&per_page=100 HTTP/1.1" 200 None
2025-02-08 00:15:58 INFO: Requesting page=32 of issues for neovim/neovim
2025-02-08 00:15:58 DEBUG: Starting new HTTPS connection (1): api.github.com:443
2025-02-08 00:15:59 DEBUG: https://api.github.com:443 "GET /repos/neovim/neovim/issues?state=all&page=32&per_page=100 HTTP/1.1" 200 None
2025-02-08 00:15:59 INFO: Requesting page=33 of issues for neovim/neovim
2025-02-08 00:15:59 DEBUG: Starting new HTTPS connection (1): api.github.com:443
2025-02-08 00:16:00 DEBUG: https://api.github.com:443 "GET /repos/neovim/neovim/issues?state=all&page=33&per_page=100 HTTP/1.1" 200 None
2025-02-08 00:16:00 INFO: Requesting page=34 of issues for neovim/neovim
2025-02-08 00:16:00 DEBUG: Starting new HTTPS connection (1): api.github.com:443
2025-02-08 00:16:01 DEBUG: https://api.github.com:443 "GET /repos/neovim/neovim/issues?state=all&page=34&per_page=100 HTTP/1.1" 200 None
2025-02-08 00:16:01 INFO: Requesting page=35 of issues for neovim/neovim
2025-02-08 00:16:01 DEBUG: Starting new HTTPS connection (1): api.github.com:443
2025-02-08 00:16:02 DEBUG: https://api.github.com:443 "GET /repos/neovim/neovim/issues?state=all&page=35&per_page=100 HTTP/1.1" 200 None
2025-02-08 00:16:02 INFO: Requesting page=36 of issues for neovim/neovim
2025-02-08 00:16:02 DEBUG: Starting new HTTPS connection (1): api.github.com:443
2025-02-08 00:16:02 DEBUG: https://api.github.com:443 "GET /repos/neovim/neovim/issues?state=all&page=36&per_page=100 HTTP/1.1" 200 None
2025-02-08 00:16:03 INFO: Requesting page=37 of issues for neovim/neovim
2025-02-08 00:16:03 DEBUG: Starting new HTTPS connection (1): api.github.com:443
2025-02-08 00:16:03 DEBUG: https://api.github.com:443 "GET /repos/neovim/neovim/issues?state=all&page=37&per_page=100 HTTP/1.1" 200 None
2025-02-08 00:16:03 INFO: Requesting page=38 of issues for neovim/neovim
2025-02-08 00:16:03 DEBUG: Starting new HTTPS connection (1): api.github.com:443
2025-02-08 00:16:04 DEBUG: https://api.github.com:443 "GET /repos/neovim/neovim/issues?state=all&page=38&per_page=100 HTTP/1.1" 200 None
2025-02-08 00:16:04 INFO: Requesting page=39 of issues for neovim/neovim
2025-02-08 00:16:04 DEBUG: Starting new HTTPS connection (1): api.github.com:443
2025-02-08 00:16:05 DEBUG: https://api.github.com:443 "GET /repos/neovim/neovim/issues?state=all&page=39&per_page=100 HTTP/1.1" 200 None
2025-02-08 00:16:05 INFO: Requesting page=40 of issues for neovim/neovim
2025-02-08 00:16:05 DEBUG: Starting new HTTPS connection (1): api.github.com:443
2025-02-08 00:16:06 DEBUG: https://api.github.com:443 "GET /repos/neovim/neovim/issues?state=all&page=40&per_page=100 HTTP/1.1" 200 None
2025-02-08 00:16:06 INFO: Requesting page=41 of issues for neovim/neovim
2025-02-08 00:16:06 DEBUG: Starting new HTTPS connection (1): api.github.com:443
2025-02-08 00:16:07 DEBUG: https://api.github.com:443 "GET /repos/neovim/neovim/issues?state=all&page=41&per_page=100 HTTP/1.1" 200 None
2025-02-08 00:16:07 INFO: Requesting page=42 of issues for neovim/neovim
2025-02-08 00:16:07 DEBUG: Starting new HTTPS connection (1): api.github.com:443
2025-02-08 00:16:07 DEBUG: https://api.github.com:443 "GET /repos/neovim/neovim/issues?state=all&page=42&per_page=100 HTTP/1.1" 200 None
2025-02-08 00:16:08 INFO: Requesting page=43 of issues for neovim/neovim
2025-02-08 00:16:08 DEBUG: Starting new HTTPS connection (1): api.github.com:443
2025-02-08 00:16:08 DEBUG: https://api.github.com:443 "GET /repos/neovim/neovim/issues?state=all&page=43&per_page=100 HTTP/1.1" 200 None
2025-02-08 00:16:08 INFO: Requesting page=44 of issues for neovim/neovim
2025-02-08 00:16:08 DEBUG: Starting new HTTPS connection (1): api.github.com:443
2025-02-08 00:16:09 DEBUG: https://api.github.com:443 "GET /repos/neovim/neovim/issues?state=all&page=44&per_page=100 HTTP/1.1" 200 None
2025-02-08 00:16:09 INFO: Requesting page=45 of issues for neovim/neovim
2025-02-08 00:16:09 DEBUG: Starting new HTTPS connection (1): api.github.com:443
2025-02-08 00:16:10 DEBUG: https://api.github.com:443 "GET /repos/neovim/neovim/issues?state=all&page=45&per_page=100 HTTP/1.1" 200 None
2025-02-08 00:16:10 INFO: Requesting page=46 of issues for neovim/neovim
2025-02-08 00:16:10 DEBUG: Starting new HTTPS connection (1): api.github.com:443
2025-02-08 00:16:11 DEBUG: https://api.github.com:443 "GET /repos/neovim/neovim/issues?state=all&page=46&per_page=100 HTTP/1.1" 200 None
2025-02-08 00:16:11 INFO: Requesting page=47 of issues for neovim/neovim
2025-02-08 00:16:11 DEBUG: Starting new HTTPS connection (1): api.github.com:443
2025-02-08 00:16:12 DEBUG: https://api.github.com:443 "GET /repos/neovim/neovim/issues?state=all&page=47&per_page=100 HTTP/1.1" 200 None
2025-02-08 00:16:12 INFO: Requesting page=48 of issues for neovim/neovim
2025-02-08 00:16:12 DEBUG: Starting new HTTPS connection (1): api.github.com:443
2025-02-08 00:16:12 DEBUG: https://api.github.com:443 "GET /repos/neovim/neovim/issues?state=all&page=48&per_page=100 HTTP/1.1" 200 None
2025-02-08 00:16:13 INFO: Requesting page=49 of issues for neovim/neovim
2025-02-08 00:16:13 DEBUG: Starting new HTTPS connection (1): api.github.com:443
2025-02-08 00:16:13 DEBUG: https://api.github.com:443 "GET /repos/neovim/neovim/issues?state=all&page=49&per_page=100 HTTP/1.1" 200 None
2025-02-08 00:16:14 INFO: Requesting page=50 of issues for neovim/neovim
2025-02-08 00:16:14 DEBUG: Starting new HTTPS connection (1): api.github.com:443
2025-02-08 00:16:14 DEBUG: https://api.github.com:443 "GET /repos/neovim/neovim/issues?state=all&page=50&per_page=100 HTTP/1.1" 200 None
2025-02-08 00:16:14 INFO: Requesting page=51 of issues for neovim/neovim
2025-02-08 00:16:14 DEBUG: Starting new HTTPS connection (1): api.github.com:443
2025-02-08 00:16:15 DEBUG: https://api.github.com:443 "GET /repos/neovim/neovim/issues?state=all&page=51&per_page=100 HTTP/1.1" 200 None
2025-02-08 00:16:16 INFO: Requesting page=52 of issues for neovim/neovim
2025-02-08 00:16:16 DEBUG: Starting new HTTPS connection (1): api.github.com:443
2025-02-08 00:16:16 DEBUG: https://api.github.com:443 "GET /repos/neovim/neovim/issues?state=all&page=52&per_page=100 HTTP/1.1" 200 None
2025-02-08 00:16:16 INFO: Requesting page=53 of issues for neovim/neovim
2025-02-08 00:16:16 DEBUG: Starting new HTTPS connection (1): api.github.com:443
2025-02-08 00:16:17 DEBUG: https://api.github.com:443 "GET /repos/neovim/neovim/issues?state=all&page=53&per_page=100 HTTP/1.1" 200 None
2025-02-08 00:16:17 INFO: Requesting page=54 of issues for neovim/neovim
2025-02-08 00:16:17 DEBUG: Starting new HTTPS connection (1): api.github.com:443
2025-02-08 00:16:18 DEBUG: https://api.github.com:443 "GET /repos/neovim/neovim/issues?state=all&page=54&per_page=100 HTTP/1.1" 200 None
2025-02-08 00:16:18 INFO: Requesting page=55 of issues for neovim/neovim
2025-02-08 00:16:18 DEBUG: Starting new HTTPS connection (1): api.github.com:443
2025-02-08 00:16:19 DEBUG: https://api.github.com:443 "GET /repos/neovim/neovim/issues?state=all&page=55&per_page=100 HTTP/1.1" 200 None
2025-02-08 00:16:19 INFO: Requesting page=56 of issues for neovim/neovim
2025-02-08 00:16:19 DEBUG: Starting new HTTPS connection (1): api.github.com:443
2025-02-08 00:16:20 DEBUG: https://api.github.com:443 "GET /repos/neovim/neovim/issues?state=all&page=56&per_page=100 HTTP/1.1" 200 None
2025-02-08 00:16:20 INFO: Requesting page=57 of issues for neovim/neovim
2025-02-08 00:16:20 DEBUG: Starting new HTTPS connection (1): api.github.com:443
2025-02-08 00:16:21 DEBUG: https://api.github.com:443 "GET /repos/neovim/neovim/issues?state=all&page=57&per_page=100 HTTP/1.1" 200 None
2025-02-08 00:16:21 INFO: Requesting page=58 of issues for neovim/neovim
2025-02-08 00:16:21 DEBUG: Starting new HTTPS connection (1): api.github.com:443
2025-02-08 00:16:22 DEBUG: https://api.github.com:443 "GET /repos/neovim/neovim/issues?state=all&page=58&per_page=100 HTTP/1.1" 200 None
2025-02-08 00:16:22 INFO: Requesting page=59 of issues for neovim/neovim
2025-02-08 00:16:22 DEBUG: Starting new HTTPS connection (1): api.github.com:443
